-------------------------------------------------------------------------------
Test set: com.example.registration.SpringRestHandson4ApplicationTests
-------------------------------------------------------------------------------
Tests run: 1, Failures: 0, Errors: 1, Skipped: 0, Time elapsed: 0.291 s <<< FAILURE! - in com.example.registration.SpringRestHandson4ApplicationTests
com.example.registration.SpringRestHandson4ApplicationTests  Time elapsed: 0.289 s  <<< ERROR!
java.lang.IllegalStateException: Unable to find a @SpringBootConfiguration, you need to use @ContextConfiguration or @SpringBootTest(classes=...) with your test

