<?xml version="1.0" encoding="UTF-8"?>
<testsuite xmlns:xsi="http://www.w3.org/2001/XMLSchema-instance" xsi:noNamespaceSchemaLocation="https://maven.apache.org/surefire/maven-surefire-plugin/xsd/surefire-test-report.xsd" name="com.example.registration.SpringRestHandson4ApplicationTests" time="0.291" tests="1" errors="1" skipped="0" failures="0">
  <properties>
[...]
</properties>
  <testcase name="com.example.registration.SpringRestHandson4ApplicationTests" classname="com.example.registration.SpringRestHandson4ApplicationTests" time="0.289">
    <error message="Unable to find a @SpringBootConfiguration, you need to use @ContextConfiguration or @SpringBootTest(classes=...) with your test" type="java.lang.IllegalStateException">java.lang.IllegalStateException: Unable to find a @SpringBootConfiguration, you need to use @ContextConfiguration or @SpringBootTest(classes=...) with your test
</error>
    <system-out><![CDATA[19:58:11.579 [main] DEBUG org.springframework.test.context.BootstrapUtils - Instantiating CacheAwareContextLoaderDelegate from class [org.springframework.test.context.cache.DefaultCacheAwareContextLoaderDelegate]
19:58:11.593 [main] DEBUG org.springframework.test.context.BootstrapUtils - Instantiating BootstrapContext using constructor [public org.springframework.test.context.support.DefaultBootstrapContext(java.lang.Class,org.springframework.test.context.CacheAwareContextLoaderDelegate)]
19:58:11.634 [main] DEBUG org.springframework.test.context.BootstrapUtils - Instantiating TestContextBootstrapper for test class [com.example.registration.SpringRestHandson4ApplicationTests] from class [org.springframework.boot.test.context.SpringBootTestContextBootstrapper]
19:58:11.647 [main] INFO org.springframework.boot.test.context.SpringBootTestContextBootstrapper - Neither @ContextConfiguration nor @ContextHierarchy found for test class [com.example.registration.SpringRestHandson4ApplicationTests], using SpringBootContextLoader
19:58:11.651 [main] DEBUG org.springframework.test.context.support.AbstractContextLoader - Did not detect default resource location for test class [com.example.registration.SpringRestHandson4ApplicationTests]: class path resource [com/example/registration/SpringRestHandson4ApplicationTests-context.xml] does not exist
19:58:11.652 [main] DEBUG org.springframework.test.context.support.AbstractContextLoader - Did not detect default resource location for test class [com.example.registration.SpringRestHandson4ApplicationTests]: class path resource [com/example/registration/SpringRestHandson4ApplicationTestsContext.groovy] does not exist
19:58:11.652 [main] INFO org.springframework.test.context.support.AbstractContextLoader - Could not detect default resource locations for test class [com.example.registration.SpringRestHandson4ApplicationTests]: no resource found for suffixes {-context.xml, Context.groovy}.
19:58:11.653 [main] INFO org.springframework.test.context.support.AnnotationConfigContextLoaderUtils - Could not detect default configuration classes for test class [com.example.registration.SpringRestHandson4ApplicationTests]: SpringRestHandson4ApplicationTests does not declare any static, non-private, non-final, nested classes annotated with @Configuration.
19:58:11.714 [main] DEBUG org.springframework.test.context.support.ActiveProfilesUtils - Could not find an 'annotation declaring class' for annotation type [org.springframework.test.context.ActiveProfiles] and class [com.example.registration.SpringRestHandson4ApplicationTests]
]]></system-out>
  </testcase>
</testsuite>